--------------------------------------------------------------------------------
Release 10.1.03 Trace  (lin64)
Copyright (c) 1995-2008 Xilinx, Inc.  All rights reserved.

/afs/csail.mit.edu/proj/redsocs/Xilinx10.1/ISE/bin/lin64/unwrapped/trce -ise
/afs/athena.mit.edu/user/k/i/kiarash/Documents/6.111/Lab5/blah/blah.ise
-intstyle ise -v 3 -s 4 -xml lab5 lab5.ncd -o lab5.twr lab5.pcf -ucf labkit.ucf

Design file:              lab5.ncd
Physical constraint file: lab5.pcf
Device,package,speed:     xc2v6000,bf957,-4 (PRODUCTION 1.121 2008-07-25, STEPPING level 0)
Report level:             verbose report

Environment Variable      Effect 
--------------------      ------ 
NONE                      No environment variables were set
--------------------------------------------------------------------------------

INFO:Timing:2698 - No timing constraints found, doing default enumeration.
INFO:Timing:2752 - To get complete path coverage, use the unconstrained paths 
   option. All paths that are not constrained will be reported in the 
   unconstrained paths section(s) of the report.
INFO:Timing:3339 - The clock-to-out numbers in this timing report are based on 
   a 50 Ohm transmission line loading model.  For the details of this model, 
   and for more information on accounting for different loading conditions, 
   please see the device datasheet.



Data Sheet report:
-----------------
All values displayed in nanoseconds (ns)

Setup/Hold to clock ac97_bit_clock
-------------+------------+------------+--------------------+--------+
             |  Setup to  |  Hold to   |                    | Clock  |
Source       | clk (edge) | clk (edge) |Internal Clock(s)   | Phase  |
-------------+------------+------------+--------------------+--------+
ac97_sdata_in|    0.154(F)|    0.395(F)|analyzer1_clock_OBUF|   0.000|
-------------+------------+------------+--------------------+--------+

Setup/Hold to clock clock_27mhz
------------+------------+------------+------------------+--------+
            |  Setup to  |  Hold to   |                  | Clock  |
Source      | clk (edge) | clk (edge) |Internal Clock(s) | Phase  |
------------+------------+------------+------------------+--------+
button_down |    4.190(R)|   -1.981(R)|clock_27mhz_BUFGP |   0.000|
button_enter|    4.537(R)|   -2.789(R)|clock_27mhz_BUFGP |   0.000|
button_up   |    4.574(R)|   -2.276(R)|clock_27mhz_BUFGP |   0.000|
switch<0>   |    5.005(R)|   -2.223(R)|clock_27mhz_BUFGP |   0.000|
------------+------------+------------+------------------+--------+

Clock ac97_bit_clock to Pad
------------------+------------+--------------------+--------+
                  | clk (edge) |                    | Clock  |
Destination       |   to PAD   |Internal Clock(s)   | Phase  |
------------------+------------+--------------------+--------+
ac97_sdata_out    |   14.049(R)|analyzer1_clock_OBUF|   0.000|
ac97_synch        |   13.584(R)|analyzer1_clock_OBUF|   0.000|
analyzer1_data<1> |   18.246(R)|analyzer1_clock_OBUF|   0.000|
analyzer1_data<3> |   18.297(R)|analyzer1_clock_OBUF|   0.000|
analyzer3_data<8> |   17.358(F)|analyzer1_clock_OBUF|   0.000|
analyzer3_data<9> |   16.993(F)|analyzer1_clock_OBUF|   0.000|
analyzer3_data<10>|   16.464(F)|analyzer1_clock_OBUF|   0.000|
analyzer3_data<11>|   16.922(F)|analyzer1_clock_OBUF|   0.000|
analyzer3_data<12>|   15.539(F)|analyzer1_clock_OBUF|   0.000|
analyzer3_data<13>|   16.932(F)|analyzer1_clock_OBUF|   0.000|
analyzer3_data<14>|   17.760(F)|analyzer1_clock_OBUF|   0.000|
analyzer3_data<15>|   17.264(F)|analyzer1_clock_OBUF|   0.000|
------------------+------------+--------------------+--------+

Clock clock_27mhz to Pad
-----------------+------------+------------------+--------+
                 | clk (edge) |                  | Clock  |
Destination      |   to PAD   |Internal Clock(s) | Phase  |
-----------------+------------+------------------+--------+
analyzer1_data<0>|   13.736(R)|clock_27mhz_BUFGP |   0.000|
analyzer3_clock  |   16.808(R)|clock_27mhz_BUFGP |   0.000|
analyzer3_data<0>|   12.803(R)|clock_27mhz_BUFGP |   0.000|
analyzer3_data<1>|   13.558(R)|clock_27mhz_BUFGP |   0.000|
analyzer3_data<2>|   12.749(R)|clock_27mhz_BUFGP |   0.000|
analyzer3_data<3>|   13.259(R)|clock_27mhz_BUFGP |   0.000|
analyzer3_data<4>|   13.814(R)|clock_27mhz_BUFGP |   0.000|
analyzer3_data<5>|   13.071(R)|clock_27mhz_BUFGP |   0.000|
analyzer3_data<6>|   13.328(R)|clock_27mhz_BUFGP |   0.000|
analyzer3_data<7>|   13.560(R)|clock_27mhz_BUFGP |   0.000|
audio_reset_b    |   12.688(R)|clock_27mhz_BUFGP |   0.000|
led<0>           |   16.791(R)|clock_27mhz_BUFGP |   0.000|
led<1>           |   16.485(R)|clock_27mhz_BUFGP |   0.000|
led<2>           |   15.369(R)|clock_27mhz_BUFGP |   0.000|
led<3>           |   16.426(R)|clock_27mhz_BUFGP |   0.000|
led<4>           |   17.056(R)|clock_27mhz_BUFGP |   0.000|
led<5>           |   13.506(R)|clock_27mhz_BUFGP |   0.000|
led<6>           |   12.756(R)|clock_27mhz_BUFGP |   0.000|
led<7>           |   11.211(R)|clock_27mhz_BUFGP |   0.000|
-----------------+------------+------------------+--------+

Clock to Setup on destination clock ac97_bit_clock
---------------+---------+---------+---------+---------+
               | Src:Rise| Src:Fall| Src:Rise| Src:Fall|
Source Clock   |Dest:Rise|Dest:Rise|Dest:Fall|Dest:Fall|
---------------+---------+---------+---------+---------+
ac97_bit_clock |    7.497|         |    7.221|    3.283|
clock_27mhz    |    2.933|         |         |         |
---------------+---------+---------+---------+---------+

Clock to Setup on destination clock clock_27mhz
---------------+---------+---------+---------+---------+
               | Src:Rise| Src:Fall| Src:Rise| Src:Fall|
Source Clock   |Dest:Rise|Dest:Rise|Dest:Fall|Dest:Fall|
---------------+---------+---------+---------+---------+
ac97_bit_clock |    3.071|    6.615|         |         |
clock_27mhz    |   15.222|         |         |         |
---------------+---------+---------+---------+---------+

Pad to Pad
---------------+-----------------+---------+
Source Pad     |Destination Pad  |  Delay  |
---------------+-----------------+---------+
ac97_bit_clock |analyzer1_clock  |   17.015|
ac97_sdata_in  |analyzer1_data<2>|   14.661|
---------------+-----------------+---------+


Analysis completed Sun Oct 28 16:59:28 2012 
--------------------------------------------------------------------------------

Trace Settings:
-------------------------
Trace Settings 

Peak Memory Usage: 350 MB



