Release 10.1.03 - xst K.39 (lin64)
Copyright (c) 1995-2008 Xilinx, Inc.  All rights reserved.
--> 
Parameter TMPDIR set to /afs/athena.mit.edu/user/k/i/kiarash/Documents/6.111/Lab4/project/xst/projnav.tmp


Total REAL time to Xst completion: 1.00 secs
Total CPU time to Xst completion: 0.06 secs
 
--> 
Parameter xsthdpdir set to /afs/athena.mit.edu/user/k/i/kiarash/Documents/6.111/Lab4/project/xst


Total REAL time to Xst completion: 1.00 secs
Total CPU time to Xst completion: 0.06 secs
 
--> 
Reading design: Divider.prj

TABLE OF CONTENTS
  1) Synthesis Options Summary
  2) HDL Compilation
  3) Design Hierarchy Analysis
  4) HDL Analysis
  5) HDL Synthesis
     5.1) HDL Synthesis Report
  6) Advanced HDL Synthesis
     6.1) Advanced HDL Synthesis Report
  7) Low Level Synthesis
  8) Partition Report
  9) Final Report
     9.1) Device utilization summary
     9.2) Partition Resource Summary
     9.3) TIMING REPORT


=========================================================================
*                      Synthesis Options Summary                        *
=========================================================================
---- Source Parameters
Input File Name                    : "Divider.prj"
Input Format                       : mixed
Ignore Synthesis Constraint File   : NO

---- Target Parameters
Output File Name                   : "Divider"
Output Format                      : NGC
Target Device                      : xc2v6000-4-bf957

---- Source Options
Top Module Name                    : Divider
Automatic FSM Extraction           : YES
FSM Encoding Algorithm             : Auto
Safe Implementation                : No
FSM Style                          : lut
RAM Extraction                     : Yes
RAM Style                          : Auto
ROM Extraction                     : Yes
Mux Style                          : Auto
Decoder Extraction                 : YES
Priority Encoder Extraction        : YES
Shift Register Extraction          : YES
Logical Shifter Extraction         : YES
XOR Collapsing                     : YES
ROM Style                          : Auto
Mux Extraction                     : YES
Resource Sharing                   : YES
Asynchronous To Synchronous        : NO
Multiplier Style                   : auto
Automatic Register Balancing       : No

---- Target Options
Add IO Buffers                     : YES
Global Maximum Fanout              : 500
Add Generic Clock Buffer(BUFG)     : 16
Register Duplication               : YES
Slice Packing                      : YES
Optimize Instantiated Primitives   : NO
Convert Tristates To Logic         : Yes
Use Clock Enable                   : Yes
Use Synchronous Set                : Yes
Use Synchronous Reset              : Yes
Pack IO Registers into IOBs        : auto
Equivalent register Removal        : YES

---- General Options
Optimization Goal                  : Speed
Optimization Effort                : 1
Library Search Order               : Divider.lso
Keep Hierarchy                     : NO
Netlist Hierarchy                  : as_optimized
RTL Output                         : Yes
Global Optimization                : AllClockNets
Read Cores                         : YES
Write Timing Constraints           : NO
Cross Clock Analysis               : NO
Hierarchy Separator                : /
Bus Delimiter                      : <>
Case Specifier                     : maintain
Slice Utilization Ratio            : 100
BRAM Utilization Ratio             : 100
Verilog 2001                       : YES
Auto BRAM Packing                  : NO
Slice Utilization Ratio Delta      : 5

=========================================================================


=========================================================================
*                          HDL Compilation                              *
=========================================================================
Compiling verilog file "Divider.v" in library work
Module <Divider> compiled
No errors in compilation
Analysis of file <"Divider.prj"> succeeded.
 

=========================================================================
*                     Design Hierarchy Analysis                         *
=========================================================================
Analyzing hierarchy for module <Divider> in library <work> with parameters.
	clock_27mhz = "00000001100110111111110011000000"


=========================================================================
*                            HDL Analysis                               *
=========================================================================
Analyzing top module <Divider>.
	clock_27mhz = 32'sb00000001100110111111110011000000
Module <Divider> is correct for synthesis.
 

=========================================================================
*                           HDL Synthesis                               *
=========================================================================

Performing bidirectional port resolution...

Synthesizing Unit <Divider>.
    Related source file is "Divider.v".
    Found 1-bit register for signal <one_hz_enable>.
    Found 26-bit up counter for signal <counter>.
    Summary:
	inferred   1 Counter(s).
	inferred   1 D-type flip-flop(s).
Unit <Divider> synthesized.


=========================================================================
HDL Synthesis Report

Macro Statistics
# Counters                                             : 1
 26-bit up counter                                     : 1
# Registers                                            : 1
 1-bit register                                        : 1

=========================================================================

=========================================================================
*                       Advanced HDL Synthesis                          *
=========================================================================

Loading device for application Rf_Device from file '2v6000.nph' in environment /afs/csail.mit.edu/proj/redsocs/Xilinx10.1/ISE.

=========================================================================
Advanced HDL Synthesis Report

Macro Statistics
# Counters                                             : 1
 26-bit up counter                                     : 1
# Registers                                            : 1
 Flip-Flops                                            : 1

=========================================================================

=========================================================================
*                         Low Level Synthesis                           *
=========================================================================

Optimizing unit <Divider> ...

Mapping all equations...
Building and optimizing final netlist ...
Found area constraint ratio of 100 (+ 5) on block Divider, actual ratio is 0.

Final Macro Processing ...

=========================================================================
Final Register Report

Macro Statistics
# Registers                                            : 27
 Flip-Flops                                            : 27

=========================================================================

=========================================================================
*                           Partition Report                             *
=========================================================================

Partition Implementation Status
-------------------------------

  No Partitions were found in this design.

-------------------------------

=========================================================================
*                            Final Report                               *
=========================================================================
Final Results
RTL Top Level Output File Name     : Divider.ngr
Top Level Output File Name         : Divider
Output Format                      : NGC
Optimization Goal                  : Speed
Keep Hierarchy                     : NO

Design Statistics
# IOs                              : 3

Cell Usage :
# BELS                             : 95
#      GND                         : 1
#      INV                         : 1
#      LUT1                        : 25
#      LUT2                        : 3
#      LUT4                        : 6
#      MUXCY                       : 32
#      VCC                         : 1
#      XORCY                       : 26
# FlipFlops/Latches                : 27
#      FDR                         : 27
# Clock Buffers                    : 1
#      BUFGP                       : 1
# IO Buffers                       : 2
#      IBUF                        : 1
#      OBUF                        : 1
=========================================================================

Device utilization summary:
---------------------------

Selected Device : 2v6000bf957-4 

 Number of Slices:                       19  out of  33792     0%  
 Number of Slice Flip Flops:             27  out of  67584     0%  
 Number of 4 input LUTs:                 35  out of  67584     0%  
 Number of IOs:                           3
 Number of bonded IOBs:                   3  out of    684     0%  
 Number of GCLKs:                         1  out of     16     6%  

---------------------------
Partition Resource Summary:
---------------------------

  No Partitions were found in this design.

---------------------------


=========================================================================
TIMING REPORT

NOTE: THESE TIMING NUMBERS ARE ONLY A SYNTHESIS ESTIMATE.
      FOR ACCURATE TIMING INFORMATION PLEASE REFER TO THE TRACE REPORT
      GENERATED AFTER PLACE-and-ROUTE.

Clock Information:
------------------
-----------------------------------+------------------------+-------+
Clock Signal                       | Clock buffer(FF name)  | Load  |
-----------------------------------+------------------------+-------+
clk                                | BUFGP                  | 27    |
-----------------------------------+------------------------+-------+

Asynchronous Control Signals Information:
----------------------------------------
No asynchronous control signals found in this design

Timing Summary:
---------------
Speed Grade: -4

   Minimum period: 6.199ns (Maximum Frequency: 161.314MHz)
   Minimum input arrival time before clock: 3.603ns
   Maximum output required time after clock: 5.446ns
   Maximum combinational path delay: No path found

Timing Detail:
--------------
All values displayed in nanoseconds (ns)

=========================================================================
Timing constraint: Default period analysis for Clock 'clk'
  Clock period: 6.199ns (frequency: 161.314MHz)
  Total number of paths / destination ports: 1053 / 53
-------------------------------------------------------------------------
Delay:               6.199ns (Levels of Logic = 9)
  Source:            counter_5 (FF)
  Destination:       counter_0 (FF)
  Source Clock:      clk rising
  Destination Clock: clk rising

  Data Path: counter_5 to counter_0
                                Gate     Net
    Cell:in->out      fanout   Delay   Delay  Logical Name (Net Name)
    ----------------------------------------  ------------
     FDR:C->Q              2   0.568   0.986  counter_5 (counter_5)
     LUT2:I0->O            1   0.439   0.000  counter_cmp_eq0000_wg_lut<0> (counter_cmp_eq0000_wg_lut<0>)
     MUXCY:S->O            1   0.298   0.000  counter_cmp_eq0000_wg_cy<0> (counter_cmp_eq0000_wg_cy<0>)
     MUXCY:CI->O           1   0.053   0.000  counter_cmp_eq0000_wg_cy<1> (counter_cmp_eq0000_wg_cy<1>)
     MUXCY:CI->O           1   0.053   0.000  counter_cmp_eq0000_wg_cy<2> (counter_cmp_eq0000_wg_cy<2>)
     MUXCY:CI->O           1   0.053   0.000  counter_cmp_eq0000_wg_cy<3> (counter_cmp_eq0000_wg_cy<3>)
     MUXCY:CI->O           1   0.053   0.000  counter_cmp_eq0000_wg_cy<4> (counter_cmp_eq0000_wg_cy<4>)
     MUXCY:CI->O           1   0.053   0.000  counter_cmp_eq0000_wg_cy<5> (counter_cmp_eq0000_wg_cy<5>)
     MUXCY:CI->O           2   0.942   0.910  counter_cmp_eq0000_wg_cy<6> (counter_cmp_eq0000)
     LUT2:I1->O           26   0.439   1.072  counter_or00001 (counter_or0000)
     FDR:R                     0.280          counter_0
    ----------------------------------------
    Total                      6.199ns (3.231ns logic, 2.968ns route)
                                       (52.1% logic, 47.9% route)

=========================================================================
Timing constraint: Default OFFSET IN BEFORE for Clock 'clk'
  Total number of paths / destination ports: 27 / 27
-------------------------------------------------------------------------
Offset:              3.603ns (Levels of Logic = 2)
  Source:            Start_Timer (PAD)
  Destination:       counter_0 (FF)
  Destination Clock: clk rising

  Data Path: Start_Timer to counter_0
                                Gate     Net
    Cell:in->out      fanout   Delay   Delay  Logical Name (Net Name)
    ----------------------------------------  ------------
     IBUF:I->O             2   0.825   0.987  Start_Timer_IBUF (Start_Timer_IBUF)
     LUT2:I0->O           26   0.439   1.072  counter_or00001 (counter_or0000)
     FDR:R                     0.280          counter_0
    ----------------------------------------
    Total                      3.603ns (1.544ns logic, 2.059ns route)
                                       (42.9% logic, 57.1% route)

=========================================================================
Timing constraint: Default OFFSET OUT AFTER for Clock 'clk'
  Total number of paths / destination ports: 1 / 1
-------------------------------------------------------------------------
Offset:              5.446ns (Levels of Logic = 1)
  Source:            one_hz_enable (FF)
  Destination:       one_hz_enable (PAD)
  Source Clock:      clk rising

  Data Path: one_hz_enable to one_hz_enable
                                Gate     Net
    Cell:in->out      fanout   Delay   Delay  Logical Name (Net Name)
    ----------------------------------------  ------------
     FDR:C->Q              1   0.568   0.517  one_hz_enable (one_hz_enable_OBUF)
     OBUF:I->O                 4.361          one_hz_enable_OBUF (one_hz_enable)
    ----------------------------------------
    Total                      5.446ns (4.929ns logic, 0.517ns route)
                                       (90.5% logic, 9.5% route)

=========================================================================


Total REAL time to Xst completion: 7.00 secs
Total CPU time to Xst completion: 3.83 secs
 
--> 


Total memory usage is 450036 kilobytes

Number of errors   :    0 (   0 filtered)
Number of warnings :    0 (   0 filtered)
Number of infos    :    0 (   0 filtered)

