--------------------------------------------------------------------------------
Release 10.1.03 Trace  (lin64)
Copyright (c) 1995-2008 Xilinx, Inc.  All rights reserved.

/afs/csail.mit.edu/proj/redsocs/Xilinx10.1/ISE/bin/lin64/unwrapped/trce -ise
/afs/athena.mit.edu/user/k/i/kiarash/Documents/6.111/Lab4/PP/PP.ise -intstyle
ise -v 3 -s 4 -xml labkit labkit.ncd -o labkit.twr labkit.pcf -ucf labkit.ucf

Design file:              labkit.ncd
Physical constraint file: labkit.pcf
Device,package,speed:     xc2v6000,bf957,-4 (PRODUCTION 1.121 2008-07-25, STEPPING level 0)
Report level:             verbose report

Environment Variable      Effect 
--------------------      ------ 
NONE                      No environment variables were set
--------------------------------------------------------------------------------

INFO:Timing:2698 - No timing constraints found, doing default enumeration.
INFO:Timing:2752 - To get complete path coverage, use the unconstrained paths 
   option. All paths that are not constrained will be reported in the 
   unconstrained paths section(s) of the report.
INFO:Timing:3339 - The clock-to-out numbers in this timing report are based on 
   a 50 Ohm transmission line loading model.  For the details of this model, 
   and for more information on accounting for different loading conditions, 
   please see the device datasheet.



Data Sheet report:
-----------------
All values displayed in nanoseconds (ns)

Setup/Hold to clock clock_27mhz
------------+------------+------------+------------------+--------+
            |  Setup to  |  Hold to   |                  | Clock  |
Source      | clk (edge) | clk (edge) |Internal Clock(s) | Phase  |
------------+------------+------------+------------------+--------+
button0     |    2.752(R)|   -1.343(R)|clock_27mhz_IBUF  |   0.000|
button1     |    3.717(R)|   -1.754(R)|clock_27mhz_IBUF  |   0.000|
button2     |    3.218(R)|   -1.758(R)|clock_27mhz_IBUF  |   0.000|
button3     |    3.099(R)|   -2.013(R)|clock_27mhz_IBUF  |   0.000|
button_down |    3.760(R)|   -2.189(R)|clock_27mhz_IBUF  |   0.000|
button_enter|    3.870(R)|   -2.163(R)|clock_27mhz_IBUF  |   0.000|
switch<0>   |    2.258(R)|   -1.986(R)|clock_27mhz_IBUF  |   0.000|
switch<1>   |    1.606(R)|   -1.334(R)|clock_27mhz_IBUF  |   0.000|
switch<2>   |    2.816(R)|   -2.544(R)|clock_27mhz_IBUF  |   0.000|
switch<3>   |    2.151(R)|   -1.879(R)|clock_27mhz_IBUF  |   0.000|
------------+------------+------------+------------------+--------+

Clock clock_27mhz to Pad
------------------+------------+------------------+--------+
                  | clk (edge) |                  | Clock  |
Destination       |   to PAD   |Internal Clock(s) | Phase  |
------------------+------------+------------------+--------+
analyzer1_data<0> |   16.331(R)|clock_27mhz_IBUF  |   0.000|
analyzer1_data<1> |   16.056(R)|clock_27mhz_IBUF  |   0.000|
analyzer1_data<2> |   17.803(R)|clock_27mhz_IBUF  |   0.000|
analyzer1_data<3> |   16.358(R)|clock_27mhz_IBUF  |   0.000|
analyzer1_data<4> |   14.836(R)|clock_27mhz_IBUF  |   0.000|
analyzer3_data<2> |   14.696(R)|clock_27mhz_IBUF  |   0.000|
analyzer3_data<3> |   14.892(R)|clock_27mhz_IBUF  |   0.000|
analyzer3_data<4> |   14.596(R)|clock_27mhz_IBUF  |   0.000|
analyzer3_data<5> |   16.263(R)|clock_27mhz_IBUF  |   0.000|
analyzer3_data<6> |   14.441(R)|clock_27mhz_IBUF  |   0.000|
analyzer3_data<7> |   13.815(R)|clock_27mhz_IBUF  |   0.000|
analyzer3_data<9> |   15.751(R)|clock_27mhz_IBUF  |   0.000|
analyzer3_data<12>|   16.206(R)|clock_27mhz_IBUF  |   0.000|
analyzer3_data<13>|   18.470(R)|clock_27mhz_IBUF  |   0.000|
analyzer3_data<14>|   16.609(R)|clock_27mhz_IBUF  |   0.000|
disp_clock        |   10.358(R)|clock_27mhz_IBUF  |   0.000|
led<0>            |   15.698(R)|clock_27mhz_IBUF  |   0.000|
led<1>            |   14.157(R)|clock_27mhz_IBUF  |   0.000|
led<6>            |   14.648(R)|clock_27mhz_IBUF  |   0.000|
user1<0>          |   18.768(R)|clock_27mhz_IBUF  |   0.000|
------------------+------------+------------------+--------+

Clock switch<7> to Pad
------------------+------------+------------------------+--------+
                  | clk (edge) |                        | Clock  |
Destination       |   to PAD   |Internal Clock(s)       | Phase  |
------------------+------------+------------------------+--------+
analyzer1_data<0> |   25.856(F)|fsm1/interval_not0001   |   0.000|
analyzer1_data<1> |   26.304(F)|fsm1/interval_not0001   |   0.000|
analyzer1_data<2> |   27.312(F)|fsm1/interval_not0001   |   0.000|
analyzer1_data<3> |   25.812(F)|fsm1/interval_not0001   |   0.000|
analyzer3_data<1> |   16.147(F)|fsm1/start_timer_not0001|   0.000|
analyzer3_data<10>|   16.503(F)|fsm1/interval_not0001   |   0.000|
analyzer3_data<11>|   16.483(F)|fsm1/interval_not0001   |   0.000|
------------------+------------+------------------------+--------+

Clock to Setup on destination clock clock_27mhz
---------------+---------+---------+---------+---------+
               | Src:Rise| Src:Fall| Src:Rise| Src:Fall|
Source Clock   |Dest:Rise|Dest:Rise|Dest:Fall|Dest:Fall|
---------------+---------+---------+---------+---------+
clock_27mhz    |    5.879|         |         |         |
switch<7>      |    6.171|    6.593|         |         |
---------------+---------+---------+---------+---------+

Clock to Setup on destination clock switch<7>
---------------+---------+---------+---------+---------+
               | Src:Rise| Src:Fall| Src:Rise| Src:Fall|
Source Clock   |Dest:Rise|Dest:Rise|Dest:Fall|Dest:Fall|
---------------+---------+---------+---------+---------+
clock_27mhz    |         |         |   11.490|         |
switch<7>      |         |         |    4.167|    4.167|
---------------+---------+---------+---------+---------+

Pad to Pad
---------------+-----------------+---------+
Source Pad     |Destination Pad  |  Delay  |
---------------+-----------------+---------+
clock_27mhz    |analyzer3_data<0>|   12.862|
switch<7>      |analyzer3_data<8>|   11.532|
switch<7>      |led<1>           |   18.741|
---------------+-----------------+---------+


Analysis completed Thu Oct 18 21:50:33 2012 
--------------------------------------------------------------------------------

Trace Settings:
-------------------------
Trace Settings 

Peak Memory Usage: 350 MB



